<?xml version="1.0" encoding="UTF-8"?>
<!-- Generated by org.testng.reporters.JUnitReportReporter -->
<testsuite hostname="Nitro5" failures="0" tests="4" name="testscript.ManageNewsTest" time="12.642" errors="0" timestamp="2025-09-09T11:59:43 IST" skipped="0">
  <testcase classname="testscript.ManageNewsTest" name="verifySearchAndReset" time="2.960"/>
  <testcase classname="testscript.ManageNewsTest" name="verifySearchAndSearch" time="2.788"/>
  <testcase classname="testscript.ManageNewsTest" name="verifyAddNews" time="4.233"/>
  <testcase classname="testscript.ManageNewsTest" name="verifyHome" time="2.661"/>
</testsuite> <!-- testscript.ManageNewsTest -->
