<?xml version="1.0" encoding="UTF-8"?>
<!-- Generated by org.testng.reporters.JUnitReportReporter -->
<testsuite hostname="Nitro5" failures="0" tests="1" name="testscript.AdminTest" time="5.387" errors="0" timestamp="2025-09-11T17:09:35 IST" skipped="0">
  <testcase classname="testscript.AdminTest" name="verifyAddUser" time="5.387"/>
</testsuite> <!-- testscript.AdminTest -->
