<?xml version="1.0" encoding="UTF-8"?>
<!-- Generated by org.testng.reporters.JUnitReportReporter -->
<testsuite hostname="Nitro5" failures="0" tests="4" name="testscript.ManageNewsTest" time="21.082" errors="0" timestamp="2025-09-09T13:18:40 IST" skipped="0">
  <testcase classname="testscript.ManageNewsTest" name="verifyHome" time="4.041"/>
  <testcase classname="testscript.ManageNewsTest" name="verifySearchAndReset" time="4.746"/>
  <testcase classname="testscript.ManageNewsTest" name="verifyAddNews" time="7.493"/>
  <testcase classname="testscript.ManageNewsTest" name="verifySearchAndSearch" time="4.802"/>
</testsuite> <!-- testscript.ManageNewsTest -->
