<?xml version="1.0" encoding="UTF-8"?>
<!-- Generated by org.testng.reporters.JUnitReportReporter -->
<testsuite hostname="Nitro5" failures="0" tests="1" name="testscript.HomeTest" time="11.530" errors="0" timestamp="2025-09-10T12:21:18 IST" skipped="0">
  <testcase classname="testscript.HomeTest" name="verifyLogout" time="11.530"/>
</testsuite> <!-- testscript.HomeTest -->
