<?xml version="1.0" encoding="UTF-8"?>
<!-- Generated by org.testng.reporters.JUnitReportReporter -->
<testsuite hostname="Nitro5" failures="0" tests="1" name="testscript.AdminTest" time="6.655" errors="0" timestamp="2025-09-10T12:21:18 IST" skipped="0">
  <testcase classname="testscript.AdminTest" name="verifyAddUser" time="6.655"/>
</testsuite> <!-- testscript.AdminTest -->
