<?xml version="1.0" encoding="UTF-8"?>
<!-- Generated by org.testng.reporters.JUnitReportReporter -->
<testsuite hostname="Nitro5" failures="0" tests="4" name="testscript.LoginTest" time="9.336" errors="0" timestamp="2025-09-09T11:59:43 IST" skipped="0">
  <testcase classname="testscript.LoginTest" name="verifyLoginWithValidCredentials" time="2.893"/>
  <testcase classname="testscript.LoginTest" name="verifyLoginWithValidUsernameInvalidpassword" time="2.090"/>
  <testcase classname="testscript.LoginTest" name="verifyLoginWithInvalidUsernameValidpassword" time="2.069"/>
  <testcase classname="testscript.LoginTest" name="verifyLoginWithInvalidUsernameInvalidpassword" time="2.284"/>
</testsuite> <!-- testscript.LoginTest -->
