<?xml version="1.0" encoding="UTF-8"?>
<!-- Generated by org.testng.reporters.JUnitReportReporter -->
<testsuite hostname="Nitro5" failures="0" tests="1" name="testscript.ManageNewsTest" time="16.837" errors="0" timestamp="2025-09-01T12:11:06 IST" skipped="0">
  <testcase classname="testscript.ManageNewsTest" name="verifyAddNews" time="16.837"/>
</testsuite> <!-- testscript.ManageNewsTest -->
