<?xml version="1.0" encoding="UTF-8"?>
<!-- Generated by org.testng.reporters.JUnitReportReporter -->
<testsuite hostname="Nitro5" failures="0" tests="1" name="testscript.ManageNewsTest" time="10.214" errors="0" timestamp="2025-09-03T22:10:20 IST" skipped="0">
  <testcase classname="testscript.ManageNewsTest" name="verifySearchAndReset" time="10.214"/>
</testsuite> <!-- testscript.ManageNewsTest -->
