<?xml version="1.0" encoding="UTF-8"?>
<!-- Generated by org.testng.reporters.JUnitReportReporter -->
<testsuite hostname="Nitro5" failures="0" tests="1" name="testscript.ManageNewsTest" time="9.851" errors="0" timestamp="2025-08-31T10:18:48 IST" skipped="0">
  <testcase classname="testscript.ManageNewsTest" name="verifyHome" time="9.851"/>
</testsuite> <!-- testscript.ManageNewsTest -->
