<?xml version="1.0" encoding="UTF-8"?>
<!-- Generated by org.testng.reporters.JUnitReportReporter -->
<testsuite hostname="Nitro5" failures="0" tests="1" name="testscript.AdminTest" time="14.172" errors="0" timestamp="2025-08-28T10:58:36 IST" skipped="0">
  <testcase classname="testscript.AdminTest" name="verifyAddUser" time="14.172"/>
</testsuite> <!-- testscript.AdminTest -->
