<?xml version="1.0" encoding="UTF-8"?>
<!-- Generated by org.testng.reporters.JUnitReportReporter -->
<testsuite hostname="Nitro5" failures="0" tests="6" name="testscript.LoginTest" time="41.756" errors="0" timestamp="2025-09-15T13:38:40 IST" skipped="0">
  <testcase classname="testscript.LoginTest" name="verifyLoginWithInvalidUsernameInvalidpassword" time="4.959"/>
  <testcase classname="testscript.LoginTest" name="verifyLoginWithInvalidUsernameInvalidpassword" time="7.884"/>
  <testcase classname="testscript.LoginTest" name="verifyLoginWithInvalidUsernameInvalidpassword" time="4.565"/>
  <testcase classname="testscript.LoginTest" name="verifyLoginWithInvalidUsernameInvalidpassword" time="13.129"/>
  <testcase classname="testscript.LoginTest" name="verifyLoginWithInvalidUsernameInvalidpassword" time="2.998"/>
  <testcase classname="testscript.LoginTest" name="verifyLoginWithInvalidUsernameInvalidpassword" time="8.221"/>
</testsuite> <!-- testscript.LoginTest -->
