<?xml version="1.0" encoding="UTF-8"?>
<!-- Generated by org.testng.reporters.JUnitReportReporter -->
<testsuite hostname="Nitro5" failures="0" tests="4" name="testscript.ManageNewsTest" time="19.147" errors="0" timestamp="2025-09-10T12:21:18 IST" skipped="0">
  <testcase classname="testscript.ManageNewsTest" name="verifyHome" time="4.229"/>
  <testcase classname="testscript.ManageNewsTest" name="verifyAddNews" time="5.183"/>
  <testcase classname="testscript.ManageNewsTest" name="verifySearchAndSearch" time="5.133"/>
  <testcase classname="testscript.ManageNewsTest" name="verifySearchAndReset" time="4.602"/>
</testsuite> <!-- testscript.ManageNewsTest -->
