<?xml version="1.0" encoding="UTF-8"?>
<!-- Generated by org.testng.reporters.JUnitReportReporter -->
<testsuite hostname="Nitro5" failures="0" tests="1" name="testscript.AdminTest" time="3.781" errors="0" timestamp="2025-09-09T11:59:43 IST" skipped="0">
  <testcase classname="testscript.AdminTest" name="verifyAddUser" time="3.781"/>
</testsuite> <!-- testscript.AdminTest -->
