<?xml version="1.0" encoding="UTF-8"?>
<!-- Generated by org.testng.reporters.JUnitReportReporter -->
<testsuite hostname="Nitro5" failures="0" tests="1" name="testscript.HomeTest" time="8.784" errors="0" timestamp="2025-08-28T09:44:49 IST" skipped="0">
  <testcase classname="testscript.HomeTest" name="verifyLogout" time="8.784"/>
</testsuite> <!-- testscript.HomeTest -->
