<?xml version="1.0" encoding="UTF-8"?>
<!-- Generated by org.testng.reporters.JUnitReportReporter -->
<testsuite hostname="Nitro5" failures="0" tests="4" name="testscript.ManageNewsTest" time="16.112" errors="0" timestamp="2025-09-17T14:16:43 IST" skipped="0">
  <testcase classname="testscript.ManageNewsTest" name="verifyAddNews" time="5.751"/>
  <testcase classname="testscript.ManageNewsTest" name="verifyHome" time="3.249"/>
  <testcase classname="testscript.ManageNewsTest" name="verifySearchAndSearch" time="3.620"/>
  <testcase classname="testscript.ManageNewsTest" name="verifySearchAndReset" time="3.492"/>
</testsuite> <!-- testscript.ManageNewsTest -->
