<?xml version="1.0" encoding="UTF-8"?>
<!-- Generated by org.testng.reporters.JUnitReportReporter -->
<testsuite hostname="Nitro5" failures="0" tests="4" name="testscript.ManageNewsTest" time="16.759" errors="0" timestamp="2025-09-11T17:09:35 IST" skipped="0">
  <testcase classname="testscript.ManageNewsTest" name="verifyHome" time="3.602"/>
  <testcase classname="testscript.ManageNewsTest" name="verifySearchAndSearch" time="4.781"/>
  <testcase classname="testscript.ManageNewsTest" name="verifySearchAndReset" time="3.756"/>
  <testcase classname="testscript.ManageNewsTest" name="verifyAddNews" time="4.620"/>
</testsuite> <!-- testscript.ManageNewsTest -->
