<?xml version="1.0" encoding="UTF-8"?>
<!-- Generated by org.testng.reporters.JUnitReportReporter -->
<testsuite hostname="Nitro5" failures="0" tests="1" name="testscript.LoginTest" time="4.828" errors="0" timestamp="2025-08-27T20:28:24 IST" skipped="0">
  <testcase classname="testscript.LoginTest" name="verifyLoginWithValidUsernameInvalidpassword" time="4.828"/>
</testsuite> <!-- testscript.LoginTest -->
