<?xml version="1.0" encoding="UTF-8"?>
<!-- Generated by org.testng.reporters.JUnitReportReporter -->
<testsuite hostname="Nitro5" failures="0" tests="1" name="testscript.ManageNewsTest" time="5.421" errors="0" timestamp="2025-09-17T13:35:54 IST" skipped="0">
  <testcase classname="testscript.ManageNewsTest" name="verifySearchAndReset" time="5.421"/>
</testsuite> <!-- testscript.ManageNewsTest -->
